<?xml version="1.0" encoding="UTF-8" ?>
<testsuite errors="1" failures="0" hostname="local" name="com.test.SampleAdd" skipped="0" tests="1" time="0.142" timestamp="2015-11-24T05:11:37">
  <properties>
[...]
</properties>
  <testcase classname="com.test.SampleAdd" name="initializationError" time="0.006">
    <error message="No runnable methods" type="java.lang.Exception">java.lang.Exception: No runnable methods
	at java.lang.reflect.Constructor.newInstance(Constructor.java:422)
</error>
  </testcase>
  <system-out><![CDATA[]]></system-out>
  <system-err><![CDATA[]]></system-err>
</testsuite>
